  dapper_dasher.cpp
C:\Users\evepg\Documents\Udemy\Cpp-Fundamentals-Game-Programming\Dapper-Dasher\dapper_dasher.cpp(30,31): warning C4838: conversion from 'int' to 'float' requires a narrowing conversion
C:\Users\evepg\Documents\Udemy\Cpp-Fundamentals-Game-Programming\Dapper-Dasher\dapper_dasher.cpp(30,31): warning C4244: 'initializing': conversion from 'int' to 'float', possible loss of data
C:\Users\evepg\Documents\Udemy\Cpp-Fundamentals-Game-Programming\Dapper-Dasher\dapper_dasher.cpp(30,50): warning C4838: conversion from 'int' to 'float' requires a narrowing conversion
C:\Users\evepg\Documents\Udemy\Cpp-Fundamentals-Game-Programming\Dapper-Dasher\dapper_dasher.cpp(30,50): warning C4244: 'initializing': conversion from 'int' to 'float', possible loss of data
C:\Users\evepg\Documents\Udemy\Cpp-Fundamentals-Game-Programming\Dapper-Dasher\dapper_dasher.cpp(31,26): warning C4838: conversion from 'int' to 'float' requires a narrowing conversion
C:\Users\evepg\Documents\Udemy\Cpp-Fundamentals-Game-Programming\Dapper-Dasher\dapper_dasher.cpp(31,26): warning C4244: 'initializing': conversion from 'int' to 'float', possible loss of data
C:\Users\evepg\Documents\Udemy\Cpp-Fundamentals-Game-Programming\Dapper-Dasher\dapper_dasher.cpp(31,50): warning C4838: conversion from 'int' to 'float' requires a narrowing conversion
C:\Users\evepg\Documents\Udemy\Cpp-Fundamentals-Game-Programming\Dapper-Dasher\dapper_dasher.cpp(31,50): warning C4244: 'initializing': conversion from 'int' to 'float', possible loss of data
C:\Users\evepg\Documents\Udemy\Cpp-Fundamentals-Game-Programming\Dapper-Dasher\dapper_dasher.cpp(35,4): warning C4305: 'initializing': truncation from 'double' to 'float'
C:\Users\evepg\Documents\Udemy\Cpp-Fundamentals-Game-Programming\Dapper-Dasher\dapper_dasher.cpp(39,31): warning C4838: conversion from 'int' to 'float' requires a narrowing conversion
C:\Users\evepg\Documents\Udemy\Cpp-Fundamentals-Game-Programming\Dapper-Dasher\dapper_dasher.cpp(39,31): warning C4244: 'initializing': conversion from 'int' to 'float', possible loss of data
C:\Users\evepg\Documents\Udemy\Cpp-Fundamentals-Game-Programming\Dapper-Dasher\dapper_dasher.cpp(39,50): warning C4838: conversion from 'int' to 'float' requires a narrowing conversion
C:\Users\evepg\Documents\Udemy\Cpp-Fundamentals-Game-Programming\Dapper-Dasher\dapper_dasher.cpp(39,50): warning C4244: 'initializing': conversion from 'int' to 'float', possible loss of data
C:\Users\evepg\Documents\Udemy\Cpp-Fundamentals-Game-Programming\Dapper-Dasher\dapper_dasher.cpp(40,28): warning C4838: conversion from 'int' to 'float' requires a narrowing conversion
C:\Users\evepg\Documents\Udemy\Cpp-Fundamentals-Game-Programming\Dapper-Dasher\dapper_dasher.cpp(40,28): warning C4244: 'initializing': conversion from 'int' to 'float', possible loss of data
C:\Users\evepg\Documents\Udemy\Cpp-Fundamentals-Game-Programming\Dapper-Dasher\dapper_dasher.cpp(40,55): warning C4838: conversion from 'int' to 'float' requires a narrowing conversion
C:\Users\evepg\Documents\Udemy\Cpp-Fundamentals-Game-Programming\Dapper-Dasher\dapper_dasher.cpp(40,55): warning C4244: 'initializing': conversion from 'int' to 'float', possible loss of data
C:\Users\evepg\Documents\Udemy\Cpp-Fundamentals-Game-Programming\Dapper-Dasher\dapper_dasher.cpp(52,40): warning C4244: '=': conversion from 'int' to 'float', possible loss of data
C:\Users\evepg\Documents\Udemy\Cpp-Fundamentals-Game-Programming\Dapper-Dasher\dapper_dasher.cpp(53,34): warning C4244: '=': conversion from 'int' to 'float', possible loss of data
C:\Users\evepg\Documents\Udemy\Cpp-Fundamentals-Game-Programming\Dapper-Dasher\dapper_dasher.cpp(59,38): warning C4305: '=': truncation from 'double' to 'float'
C:\Users\evepg\Documents\Udemy\Cpp-Fundamentals-Game-Programming\Dapper-Dasher\dapper_dasher.cpp(85,30): warning C4244: '+=': conversion from 'float' to 'int', possible loss of data
  Dapper-Dasher.vcxproj -> C:\Users\evepg\Documents\Udemy\Cpp-Fundamentals-Game-Programming\Dapper-Dasher\x64\Debug\Dapper-Dasher.exe
